<?xml version="1.0" encoding="utf-8"?><testsuites name="pytest tests"><testsuite name="pytest" errors="0" failures="0" skipped="0" tests="33" time="6.506" timestamp="2026-09-12T19:44:32.537526+00:00" hostname="agent-env-67b83ccc-5712-45b1-a3ee-3e0e6de98059"><testcase classname="tests.test_iter2_admin_crud.TestBugA_FacilityCrossTenant" name="test_admin_cannot_update_other_company_facility" time="0.943" /><testcase classname="tests.test_iter2_admin_crud.TestBugB_PendingInvite" name="test_invite_creates_pending_doc" time="0.197" /><testcase classname="tests.test_iter2_admin_crud.TestBugD_PDFExport" name="test_reports_pdf" time="0.276" /><testcase classname="tests.test_iter2_admin_crud.TestBugE_SessionEndpoint" name="test_session_endpoint_defined" time="0.089" /><testcase classname="tests.test_iter2_admin_crud.TestCertificatePDF" name="test_certificate_pdf" time="0.123" /><testcase classname="tests.test_iter2_admin_crud.TestEmailWiring" name="test_create_emission_no_500_when_email_key_empty" time="0.296" /><testcase classname="tests.test_iter2_admin_crud.TestSuperAdminCompanyCRUD" name="test_create" time="0.141" /><testcase classname="tests.test_iter2_admin_crud.TestSuperAdminCompanyCRUD" name="test_update" time="0.120" /><testcase classname="tests.test_iter2_admin_crud.TestSuperAdminCompanyCRUD" name="test_list_contains_new" time="0.068" /><testcase classname="tests.test_iter2_admin_crud.TestSuperAdminCompanyCRUD" name="test_non_super_forbidden" time="0.301" /><testcase classname="tests.test_iter2_admin_crud.TestSuperAdminCompanyCRUD" name="test_delete_cascade" time="0.606" /><testcase classname="tests.test_iter2_admin_crud.TestSuperAdminUsersCRUD" name="test_setup_company" time="0.076" /><testcase classname="tests.test_iter2_admin_crud.TestSuperAdminUsersCRUD" name="test_add_user" time="0.122" /><testcase classname="tests.test_iter2_admin_crud.TestSuperAdminUsersCRUD" name="test_list_company_users" time="0.133" /><testcase classname="tests.test_iter2_admin_crud.TestSuperAdminUsersCRUD" name="test_update_role" time="0.085" /><testcase classname="tests.test_iter2_admin_crud.TestSuperAdminUsersCRUD" name="test_move_across_company" time="0.306" /><testcase classname="tests.test_iter2_admin_crud.TestSuperAdminUsersCRUD" name="test_super_cannot_delete_super" time="0.222" /><testcase classname="tests.test_iter2_admin_crud.TestSuperAdminUsersCRUD" name="test_non_super_forbidden" time="0.358" /><testcase classname="tests.test_iter2_admin_crud.TestSuperAdminUsersCRUD" name="test_delete_user" time="0.174" /><testcase classname="tests.test_iter2_admin_crud.TestSuperAdminFacAssetCRUD" name="test_setup" time="0.123" /><testcase classname="tests.test_iter2_admin_crud.TestSuperAdminFacAssetCRUD" name="test_add_facility" time="0.100" /><testcase classname="tests.test_iter2_admin_crud.TestSuperAdminFacAssetCRUD" name="test_update_facility_any_company" time="0.093" /><testcase classname="tests.test_iter2_admin_crud.TestSuperAdminFacAssetCRUD" name="test_add_asset" time="0.154" /><testcase classname="tests.test_iter2_admin_crud.TestSuperAdminFacAssetCRUD" name="test_list_assets" time="0.102" /><testcase classname="tests.test_iter2_admin_crud.TestSuperAdminFacAssetCRUD" name="test_delete_asset" time="0.079" /><testcase classname="tests.test_iter2_admin_crud.TestSuperAdminFacAssetCRUD" name="test_delete_facility" time="0.084" /><testcase classname="tests.test_iter2_admin_crud.TestSuperAdminFacAssetCRUD" name="test_non_super_forbidden" time="0.275" /><testcase classname="tests.test_iter2_admin_crud.TestSuperAdminFacAssetCRUD" name="test_cleanup" time="0.083" /><testcase classname="tests.test_iter2_admin_crud.TestSuperAdminEmissionsEditDelete" name="test_setup_create_emission" time="0.077" /><testcase classname="tests.test_iter2_admin_crud.TestSuperAdminEmissionsEditDelete" name="test_update_recomputes" time="0.072" /><testcase classname="tests.test_iter2_admin_crud.TestSuperAdminEmissionsEditDelete" name="test_non_super_forbidden" time="0.173" /><testcase classname="tests.test_iter2_admin_crud.TestSuperAdminEmissionsEditDelete" name="test_delete" time="0.196" /><testcase classname="tests.test_iter2_admin_crud.TestAuditAdminActions" name="test_audit_contains_admin_events" time="0.165" /></testsuite></testsuites>