<?xml version="1.0" encoding="utf-8"?><testsuites name="pytest tests"><testsuite name="pytest" errors="0" failures="0" skipped="0" tests="15" time="6.212" timestamp="2026-09-12T20:28:05.441666+00:00" hostname="agent-env-67b83ccc-5712-45b1-a3ee-3e0e6de98059"><testcase classname="tests.test_iter3_impersonation.TestImpersonateStart" name="test_start_returns_ok_and_company" time="0.336" /><testcase classname="tests.test_iter3_impersonation.TestImpersonateStart" name="test_me_reflects_impersonation" time="0.351" /><testcase classname="tests.test_iter3_impersonation.TestImpersonateNotFound" name="test_404_unknown_company" time="0.335" /><testcase classname="tests.test_iter3_impersonation.TestImpersonateForbidden" name="test_forbidden_for_non_super[test_session_karbon_admin_1]" time="0.264" /><testcase classname="tests.test_iter3_impersonation.TestImpersonateForbidden" name="test_forbidden_for_non_super[test_session_karbon_staff_1]" time="0.245" /><testcase classname="tests.test_iter3_impersonation.TestImpersonateForbidden" name="test_forbidden_for_non_super[test_session_karbon_sup_1]" time="0.279" /><testcase classname="tests.test_iter3_impersonation.TestImpersonateScoping" name="test_facilities_scoped_to_impersonated_company" time="0.444" /><testcase classname="tests.test_iter3_impersonation.TestImpersonateScoping" name="test_dashboard_stats_scoped" time="0.339" /><testcase classname="tests.test_iter3_impersonation.TestImpersonateScoping" name="test_emissions_scoped" time="0.328" /><testcase classname="tests.test_iter3_impersonation.TestImpersonateStop" name="test_stop_clears_state" time="0.458" /><testcase classname="tests.test_iter3_impersonation.TestImpersonateAudit" name="test_audit_records_start_and_stop" time="0.837" /><testcase classname="tests.test_iter3_impersonation.TestImpersonateRouteOrder" name="test_stop_without_prior_start_returns_ok_not_404" time="0.428" /><testcase classname="tests.test_iter3_impersonation.TestImpersonateEmissionCreate" name="test_supervisor_role_forced_to_admin_can_create" time="0.808" /><testcase classname="tests.test_iter3_impersonation.TestImpersonateAdminEndpointsStillWork" name="test_list_companies_during_impersonation" time="0.356" /><testcase classname="tests.test_iter3_impersonation.TestImpersonateAdminEndpointsStillWork" name="test_audit_logs_during_impersonation" time="0.329" /></testsuite></testsuites>