<?xml version="1.0" encoding="utf-8"?><testsuites name="pytest tests"><testsuite name="pytest" errors="0" failures="1" skipped="0" tests="40" time="17.265" timestamp="2026-09-12T16:56:14.548841+00:00" hostname="agent-env-67b83ccc-5712-45b1-a3ee-3e0e6de98059"><testcase classname="tests.test_karbonku.TestSuperAdmin" name="test_stats" time="0.307" /><testcase classname="tests.test_karbonku.TestSuperAdmin" name="test_companies" time="0.229" /><testcase classname="tests.test_karbonku.TestSuperAdmin" name="test_companies_filter" time="0.125" /><testcase classname="tests.test_karbonku.TestEmissions" name="test_supervisor_cannot_create" time="0.692" /><testcase classname="tests.test_karbonku.TestSuperAdmin" name="test_company_emissions" time="0.139" /><testcase classname="tests.test_karbonku.TestEmissions" name="test_staff_create" time="0.168" /><testcase classname="tests.test_karbonku.TestEmissions" name="test_duplicate_returns_409" time="0.129" /><testcase classname="tests.test_karbonku.TestEmissions" name="test_staff_cannot_approve" time="0.106" /><testcase classname="tests.test_karbonku.TestSuperAdmin" name="test_admin_review_flag" time="0.733" /><testcase classname="tests.test_karbonku.TestEmissions" name="test_supervisor_approve" time="0.090" /><testcase classname="tests.test_karbonku.TestEmissions" name="test_reject_flow" time="0.359" /><testcase classname="tests.test_karbonku.TestSuperAdmin" name="test_master_factor_crud" time="0.362" /><testcase classname="tests.test_karbonku.TestAuth" name="test_me_admin" time="0.080" /><testcase classname="tests.test_karbonku.TestAuth" name="test_me_staff" time="0.108" /><testcase classname="tests.test_karbonku.TestAuth" name="test_me_supervisor" time="0.117" /><testcase classname="tests.test_karbonku.TestAuth" name="test_me_super" time="0.081" /><testcase classname="tests.test_karbonku.TestSuperAdmin" name="test_master_region_crud" time="0.163" /><testcase classname="tests.test_karbonku.TestAuth" name="test_me_unauth" time="0.080" /><testcase classname="tests.test_karbonku.TestUsers" name="test_list" time="0.101" /><testcase classname="tests.test_karbonku.TestSuperAdmin" name="test_master_types_crud" time="0.235" /><testcase classname="tests.test_karbonku.TestUsers" name="test_staff_cannot_list" time="0.074" /><testcase classname="tests.test_karbonku.TestUsers" name="test_invite" time="0.090" /><testcase classname="tests.test_karbonku.TestUsers" name="test_role_update" time="0.188" /><testcase classname="tests.test_karbonku.TestSuperAdmin" name="test_audit_logs_global" time="0.090"><failure message="assert 500 == 200&#10; +  where 500 = &lt;Response [500]&gt;.status_code">backend/tests/test_karbonku.py:346: in test_audit_logs_global
    assert r.status_code == 200
E   assert 500 == 200
E    +  where 500 = &lt;Response [500]&gt;.status_code</failure></testcase><testcase classname="tests.test_karbonku.TestSuperAdmin" name="test_non_super_forbidden" time="0.266" /><testcase classname="tests.test_karbonku.TestPublicCalc" name="test_electricity_jamali" time="0.123" /><testcase classname="tests.test_karbonku.TestPublicCalc" name="test_fuel_gasoline" time="0.296" /><testcase classname="tests.test_karbonku.TestMeta" name="test_meta" time="0.069" /><testcase classname="tests.test_karbonku.TestMeta" name="test_regions" time="0.078" /><testcase classname="tests.test_karbonku.TestMeta" name="test_factors_scope1" time="0.088" /><testcase classname="tests.test_karbonku.TestPublicCalc" name="test_refrigerant_r134a" time="0.096" /><testcase classname="tests.test_karbonku.TestReports" name="test_csv" time="0.077" /><testcase classname="tests.test_karbonku.TestReports" name="test_pdf" time="0.336" /><testcase classname="tests.test_karbonku.TestFacilities" name="test_list" time="0.078" /><testcase classname="tests.test_karbonku.TestFacilities" name="test_update" time="0.257" /><testcase classname="tests.test_karbonku.TestDashboard" name="test_stats" time="0.111" /><testcase classname="tests.test_karbonku.TestCompany" name="test_update" time="0.160" /><testcase classname="tests.test_karbonku.TestAI" name="test_recommendations" time="13.258" /><testcase classname="tests.test_karbonku.TestAssets" name="test_create_and_list" time="3.099" /><testcase classname="tests.test_karbonku.TestAudit" name="test_list" time="0.195" /></testsuite></testsuites>